<?xml version="1.0" encoding="UTF-8"?>
<testsuite name="com.paulhoang.commands.PostGeneratedDataCommandTest" tests="1" skipped="0" failures="0" errors="0" timestamp="2016-10-21T20:02:54" hostname="Pauls-MacBook-Pro-2.local" time="1.831">
  <properties/>
  <testcase name="testPact" classname="com.paulhoang.commands.PostGeneratedDataCommandTest" time="1.831"/>
  <system-out><![CDATA[]]></system-out>
  <system-err><![CDATA[]]></system-err>
</testsuite>
